[13-Nov-2025 19:12:11 Europe/Berlin] PHP Warning:  Undefined property: stdClass::$anoPublicacao in C:\dev\xampp\htdocs\hanan\aulas-2T\Aula 04-11\controller\LivroController.php on line 15
[13-Nov-2025 19:12:11 Europe/Berlin] PHP Warning:  Undefined property: stdClass::$localizacao in C:\dev\xampp\htdocs\hanan\aulas-2T\Aula 04-11\controller\LivroController.php on line 17
[13-Nov-2025 19:14:50 Europe/Berlin] PHP Warning:  Undefined property: stdClass::$anoPublicacao in C:\dev\xampp\htdocs\hanan\aulas-2T\Aula 04-11\controller\LivroController.php on line 15
[13-Nov-2025 19:14:50 Europe/Berlin] PHP Warning:  Undefined property: stdClass::$localizacao in C:\dev\xampp\htdocs\hanan\aulas-2T\Aula 04-11\controller\LivroController.php on line 17
[13-Nov-2025 19:16:39 Europe/Berlin] PHP Warning:  Undefined property: stdClass::$anoPublicacao in C:\dev\xampp\htdocs\hanan\aulas-2T\Aula 04-11\controller\LivroController.php on line 15
[13-Nov-2025 19:16:39 Europe/Berlin] PHP Warning:  Undefined property: stdClass::$localizacao in C:\dev\xampp\htdocs\hanan\aulas-2T\Aula 04-11\controller\LivroController.php on line 17
[13-Nov-2025 19:39:27 Europe/Berlin] PHP Warning:  Undefined property: stdClass::$id in C:\dev\xampp\htdocs\hanan\aulas-2T\Aula 04-11\controller\LivroController.php on line 38
[13-Nov-2025 19:39:27 Europe/Berlin] PHP Fatal error:  Uncaught Error: Call to undefined method mysqli::mysql_query() in C:\dev\xampp\htdocs\hanan\aulas-2T\Aula 04-11\model\livro.class.php:56
Stack trace:
#0 C:\dev\xampp\htdocs\hanan\aulas-2T\Aula 04-11\controller\LivroController.php(38): Livro::pegaPorId(NULL, Object(mysqli))
#1 C:\dev\xampp\htdocs\hanan\aulas-2T\Aula 04-11\index.php(55): LivroController->remover(Object(stdClass))
#2 {main}
  thrown in C:\dev\xampp\htdocs\hanan\aulas-2T\Aula 04-11\model\livro.class.php on line 56
[13-Nov-2025 19:41:30 Europe/Berlin] PHP Warning:  Undefined property: stdClass::$id in C:\dev\xampp\htdocs\hanan\aulas-2T\Aula 04-11\controller\LivroController.php on line 38
[13-Nov-2025 19:41:30 Europe/Berlin] PHP Fatal error:  Uncaught Error: Call to undefined method mysqli::mysql_query() in C:\dev\xampp\htdocs\hanan\aulas-2T\Aula 04-11\model\livro.class.php:56
Stack trace:
#0 C:\dev\xampp\htdocs\hanan\aulas-2T\Aula 04-11\controller\LivroController.php(38): Livro::pegaPorId(NULL, Object(mysqli))
#1 C:\dev\xampp\htdocs\hanan\aulas-2T\Aula 04-11\index.php(55): LivroController->remover(Object(stdClass))
#2 {main}
  thrown in C:\dev\xampp\htdocs\hanan\aulas-2T\Aula 04-11\model\livro.class.php on line 56
[13-Nov-2025 19:42:08 Europe/Berlin] PHP Warning:  Undefined property: stdClass::$id in C:\dev\xampp\htdocs\hanan\aulas-2T\Aula 04-11\controller\LivroController.php on line 38
[13-Nov-2025 19:42:08 Europe/Berlin] PHP Fatal error:  Uncaught Error: Call to undefined method mysqli::mysql_query() in C:\dev\xampp\htdocs\hanan\aulas-2T\Aula 04-11\model\livro.class.php:56
Stack trace:
#0 C:\dev\xampp\htdocs\hanan\aulas-2T\Aula 04-11\controller\LivroController.php(38): Livro::pegaPorId(NULL, Object(mysqli))
#1 C:\dev\xampp\htdocs\hanan\aulas-2T\Aula 04-11\index.php(55): LivroController->remover(Object(stdClass))
#2 {main}
  thrown in C:\dev\xampp\htdocs\hanan\aulas-2T\Aula 04-11\model\livro.class.php on line 56
[13-Nov-2025 19:45:10 Europe/Berlin] PHP Warning:  Undefined property: stdClass::$id in C:\dev\xampp\htdocs\hanan\aulas-2T\Aula 04-11\controller\LivroController.php on line 38
[13-Nov-2025 19:45:10 Europe/Berlin] PHP Fatal error:  Uncaught Error: Call to undefined method mysqli::mysql_query() in C:\dev\xampp\htdocs\hanan\aulas-2T\Aula 04-11\model\livro.class.php:57
Stack trace:
#0 C:\dev\xampp\htdocs\hanan\aulas-2T\Aula 04-11\controller\LivroController.php(38): Livro::pegaPorISSN(NULL, Object(mysqli))
#1 C:\dev\xampp\htdocs\hanan\aulas-2T\Aula 04-11\index.php(55): LivroController->remover(Object(stdClass))
#2 {main}
  thrown in C:\dev\xampp\htdocs\hanan\aulas-2T\Aula 04-11\model\livro.class.php on line 57
[13-Nov-2025 19:46:51 Europe/Berlin] PHP Warning:  Undefined property: stdClass::$id in C:\dev\xampp\htdocs\hanan\aulas-2T\Aula 04-11\controller\LivroController.php on line 38
[13-Nov-2025 19:46:51 Europe/Berlin] PHP Fatal error:  Uncaught Error: Call to undefined method mysqli::mysql_query() in C:\dev\xampp\htdocs\hanan\aulas-2T\Aula 04-11\model\livro.class.php:57
Stack trace:
#0 C:\dev\xampp\htdocs\hanan\aulas-2T\Aula 04-11\controller\LivroController.php(38): Livro::pegaPorISSN(NULL, Object(mysqli))
#1 C:\dev\xampp\htdocs\hanan\aulas-2T\Aula 04-11\index.php(56): LivroController->remover(Object(stdClass))
#2 {main}
  thrown in C:\dev\xampp\htdocs\hanan\aulas-2T\Aula 04-11\model\livro.class.php on line 57
[13-Nov-2025 19:47:48 Europe/Berlin] PHP Warning:  Undefined property: stdClass::$id in C:\dev\xampp\htdocs\hanan\aulas-2T\Aula 04-11\controller\LivroController.php on line 38
[13-Nov-2025 19:47:48 Europe/Berlin] PHP Fatal error:  Uncaught Error: Call to undefined method mysqli::mysql_query() in C:\dev\xampp\htdocs\hanan\aulas-2T\Aula 04-11\model\livro.class.php:57
Stack trace:
#0 C:\dev\xampp\htdocs\hanan\aulas-2T\Aula 04-11\controller\LivroController.php(38): Livro::pegaPorISSN(NULL, Object(mysqli))
#1 C:\dev\xampp\htdocs\hanan\aulas-2T\Aula 04-11\index.php(56): LivroController->remover(Object(stdClass))
#2 {main}
  thrown in C:\dev\xampp\htdocs\hanan\aulas-2T\Aula 04-11\model\livro.class.php on line 57
[13-Nov-2025 19:48:48 Europe/Berlin] PHP Warning:  Undefined property: stdClass::$id in C:\dev\xampp\htdocs\hanan\aulas-2T\Aula 04-11\controller\LivroController.php on line 38
[13-Nov-2025 19:48:48 Europe/Berlin] PHP Fatal error:  Uncaught Error: Call to undefined method mysqli::mysql_query() in C:\dev\xampp\htdocs\hanan\aulas-2T\Aula 04-11\model\livro.class.php:57
Stack trace:
#0 C:\dev\xampp\htdocs\hanan\aulas-2T\Aula 04-11\controller\LivroController.php(38): Livro::pegaPorISSN(NULL, Object(mysqli))
#1 C:\dev\xampp\htdocs\hanan\aulas-2T\Aula 04-11\index.php(56): LivroController->remover(Object(stdClass))
#2 {main}
  thrown in C:\dev\xampp\htdocs\hanan\aulas-2T\Aula 04-11\model\livro.class.php on line 57
